4/26/2019 9:08:43 PM
 
4/26/2019 9:12:08 PM
 
4/28/2019 6:26:58 PM
 
4/28/2019 6:28:08 PM
 
4/28/2019 7:03:21 PM
 
4/28/2019 7:06:36 PM
 
4/28/2019 7:08:26 PM
 
4/28/2019 9:51:06 PM
 
Error
Assets/ML-Agents/Examples/BananaCollectors/Scripts/BananaAgent.cs(260,70): error CS1002: ; expected

4/28/2019 10:02:03 PM
 
Warning
Assets/ML-Agents/Scripts/Academy.cs(119,13): warning CS0649: Field 'Academy.maxSteps' is never assigned to, and will always have its default value 0

4/28/2019 10:12:37 PM
 
4/28/2019 10:13:40 PM
 
Warning
Assets/ML-Agents/Scripts/Academy.cs(119,13): warning CS0649: Field 'Academy.maxSteps' is never assigned to, and will always have its default value 0

4/28/2019 10:15:11 PM
 
4/28/2019 10:22:17 PM
 
Warning
Assets/ML-Agents/Scripts/Academy.cs(119,13): warning CS0649: Field 'Academy.maxSteps' is never assigned to, and will always have its default value 0

4/28/2019 10:25:11 PM
 
4/28/2019 10:28:34 PM
 
4/28/2019 10:30:01 PM
 
4/28/2019 10:31:39 PM
 
4/28/2019 10:33:03 PM
 
4/28/2019 11:25:03 PM
 
4/28/2019 11:26:15 PM
 
4/28/2019 11:28:59 PM
 
